11:11:27 **** Incremental Build of configuration Debug for project BorneTesteur ****
make all 
Building file: ../RegistreBorneTesteur.cpp
Invoking: GCC C++ Compiler
g++ -std=c++1y -I"/home/etudiant/Bureau/TP4 bon/source" -O0 -g3 -Wall -c -fmessage-length=0 -MMD -MP -MF"RegistreBorneTesteur.d" -MT"RegistreBorneTesteur.o" -o "RegistreBorneTesteur.o" "../RegistreBorneTesteur.cpp"
Finished building: ../RegistreBorneTesteur.cpp
 
Building target: BorneTesteur
Invoking: GCC C++ Linker
g++ -L"/home/etudiant/Bureau/TP4 bon/source/Debug" -o "BorneTesteur"  ./BorneFontaineTesteur.o ./BorneStationnementTesteur.o ./BorneTesteur.o ./RegistreBorneTesteur.o   -lgtest_main -lgtest -lpthread -lsource
Finished building target: BorneTesteur
 
11:11:57 **** Incremental Build of configuration Debug for project BorneTesteur ****
make all 
make: rien à faire pour « all ».
11:15:14 **** Incremental Build of configuration Debug for project BorneTesteur ****
make all 
Building file: ../RegistreBorneTesteur.cpp
Invoking: GCC C++ Compiler
g++ -std=c++1y -I"/home/etudiant/Bureau/TP4 bon/source" -O0 -g3 -Wall -c -fmessage-length=0 -MMD -MP -MF"RegistreBorneTesteur.d" -MT"RegistreBorneTesteur.o" -o "RegistreBorneTesteur.o" "../RegistreBorneTesteur.cpp"
Finished building: ../RegistreBorneTesteur.cpp
 
Building target: BorneTesteur
Invoking: GCC C++ Linker
g++ -L"/home/etudiant/Bureau/TP4 bon/source/Debug" -o "BorneTesteur"  ./BorneFontaineTesteur.o ./BorneStationnementTesteur.o ./BorneTesteur.o ./RegistreBorneTesteur.o   -lgtest_main -lgtest -lpthread -lsource
Finished building target: BorneTesteur
 
11:16:21 **** Incremental Build of configuration Debug for project BorneTesteur ****
make all 
Building file: ../RegistreBorneTesteur.cpp
Invoking: GCC C++ Compiler
g++ -std=c++1y -I"/home/etudiant/Bureau/TP4 bon/source" -O0 -g3 -Wall -c -fmessage-length=0 -MMD -MP -MF"RegistreBorneTesteur.d" -MT"RegistreBorneTesteur.o" -o "RegistreBorneTesteur.o" "../RegistreBorneTesteur.cpp"
Finished building: ../RegistreBorneTesteur.cpp
 
Building target: BorneTesteur
Invoking: GCC C++ Linker
g++ -L"/home/etudiant/Bureau/TP4 bon/source/Debug" -o "BorneTesteur"  ./BorneFontaineTesteur.o ./BorneStationnementTesteur.o ./BorneTesteur.o ./RegistreBorneTesteur.o   -lgtest_main -lgtest -lpthread -lsource
Finished building target: BorneTesteur
 
11:17:18 **** Incremental Build of project BorneInterface ****
make debug 
make -f Makefile.Debug
make[1] : on entre dans le répertoire « /home/etudiant/Bureau/TP4 bon/BorneInterface »
g++ -c -pipe -g -Wall -W -D_REENTRANT -DQT_GUI_LIB -DQT_CORE_LIB -DQT_SHARED -I/usr/share/qt4/mkspecs/linux-g++ -I. -I/usr/include/qt4/QtCore -I/usr/include/qt4/QtGui -I/usr/include/qt4 -I../source -Idebug -I. -o debug/borneinterface.o borneinterface.cpp
g++  -o BorneInterface debug/interfacesupprimer.o debug/interfacebornestationnement.o debug/interfacebornefontaine.o debug/main.o debug/borneinterface.o debug/moc_interfacesupprimer.o debug/moc_interfacebornestationnement.o debug/moc_interfacebornefontaine.o debug/moc_borneinterface.o    -L/usr/lib/i386-linux-gnu ../source/Debug/libsource.a -lQtGui -lQtCore -lpthread 
{ test -n "" && DESTDIR="" || DESTDIR=.; } && test $(gdb --version | sed -e 's,[^0-9][^0-9]*\([0-9]\)\.\([0-9]\).*,\1\2,;q') -gt 72 && gdb --nx --batch --quiet -ex 'set confirm off' -ex "save gdb-index $DESTDIR" -ex quit 'BorneInterface' && test -f BorneInterface.gdb-index && objcopy --add-section '.gdb_index=BorneInterface.gdb-index' --set-section-flags '.gdb_index=readonly' 'BorneInterface' 'BorneInterface' && rm -f BorneInterface.gdb-index || true
make[1] : on quitte le répertoire « /home/etudiant/Bureau/TP4 bon/BorneInterface »
